Using pre-set license
Built from '2020.3/release' branch; Version is '2020.3.7f1 (dd97f2c94397) revision 14522354'; Using compiler version '192528614'; Build Type 'Release'
OS: 'Windows 10 Home; OS build 19043.1237; Version 2009; 64bit' Language: 'en' Physical Memory: 32712 MB
BatchMode: 1, IsHumanControllingUs: 0, StartBugReporterOnCrash: 0, Is64bit: 1, IsPro: 0

 COMMAND LINE ARGUMENTS:
C:\Program Files\Unity\2020.3.7f1\Editor\Unity.exe
-adb2
-batchMode
-noUpm
-name
AssetImportWorker0
-projectPath
C:/Users/rob/Documents/GitHub/Data-Persistence-Project
-logFile
Logs/AssetImportWorker0.log
-srvPort
50698
Successfully changed project path to: C:/Users/rob/Documents/GitHub/Data-Persistence-Project
C:/Users/rob/Documents/GitHub/Data-Persistence-Project
Using Asset Import Pipeline V2.
Refreshing native plugins compatible for Editor in 37.89 ms, found 0 plugins.
Preloading 0 native plugins for Editor in 0.00 ms.
Initialize engine version: 2020.3.7f1 (dd97f2c94397)
[Subsystems] Discovering subsystems at path C:/Program Files/Unity/2020.3.7f1/Editor/Data/Resources/UnitySubsystems
[Subsystems] Discovering subsystems at path C:/Users/rob/Documents/GitHub/Data-Persistence-Project/Assets
GfxDevice: creating device client; threaded=0
Direct3D:
    Version:  Direct3D 11.0 [level 11.1]
    Renderer: NVIDIA GeForce RTX 3060 Ti (ID=0x2489)
    Vendor:   
    VRAM:     8050 MB
    Driver:   30.0.14.7212
Shader 'Universal Render Pipeline/Particles/Lit': fallback shader 'Universal Render Pipeline/Particles/SimpleLit' not found
Initialize mono
Mono path[0] = 'C:/Program Files/Unity/2020.3.7f1/Editor/Data/Managed'
Mono path[1] = 'C:/Program Files/Unity/2020.3.7f1/Editor/Data/MonoBleedingEdge/lib/mono/unityjit'
Mono config path = 'C:/Program Files/Unity/2020.3.7f1/Editor/Data/MonoBleedingEdge/etc'
Using monoOptions --debugger-agent=transport=dt_socket,embedding=1,server=y,suspend=n,address=127.0.0.1:56184
Begin MonoManager ReloadAssembly
Registering precompiled unity dll's ...
Register platform support module: C:/Program Files/Unity/2020.3.7f1/Editor/Data/PlaybackEngines/WebGLSupport/UnityEditor.WebGL.Extensions.dll
Register platform support module: C:/Program Files/Unity/2020.3.7f1/Editor/Data/PlaybackEngines/WindowsStandaloneSupport/UnityEditor.WindowsStandalone.Extensions.dll
Registered in 0.001842 seconds.
Native extension for WindowsStandalone target not found
Native extension for WebGL target not found
Refreshing native plugins compatible for Editor in 29.53 ms, found 0 plugins.
Preloading 0 native plugins for Editor in 0.00 ms.
Mono: successfully reloaded assembly
- Completed reload, in  1.379 seconds
Platform modules already initialized, skipping
Registering precompiled user dll's ...
Registered in 0.001109 seconds.
Begin MonoManager ReloadAssembly
Native extension for WindowsStandalone target not found
Native extension for WebGL target not found
Refreshing native plugins compatible for Editor in 29.27 ms, found 0 plugins.
Preloading 0 native plugins for Editor in 0.00 ms.
Mono: successfully reloaded assembly
- Completed reload, in  0.618 seconds
Platform modules already initialized, skipping
========================================================================
Worker process is ready to serve import requests
Shader 'Universal Render Pipeline/Particles/Lit': fallback shader 'Universal Render Pipeline/Particles/SimpleLit' not found
Launched and connected shader compiler UnityShaderCompiler.exe after 0.03 seconds
Refreshing native plugins compatible for Editor in 0.41 ms, found 0 plugins.
Preloading 0 native plugins for Editor in 0.00 ms.
Unloading 2422 Unused Serialized files (Serialized files now loaded: 0)
System memory in use before: 113.5 MB.
System memory in use after: 113.7 MB.

Unloading 10 unused Assets to reduce memory usage. Loaded Objects now: 2863.
Total: 2.045400 ms (FindLiveObjects: 0.395100 ms CreateObjectMapping: 0.111100 ms MarkObjects: 1.488400 ms  DeleteObjects: 0.050300 ms)

========================================================================
Received Import Request.
  path: Assets/Bounce.physicMaterial
  artifactKey: Guid(bc24b7fc41d5dfb4698e2ca16a37dfad) Importer(815301076,1909f56bfc062723c751e8b465ee728b)
Start importing Assets/Bounce.physicMaterial using Guid(bc24b7fc41d5dfb4698e2ca16a37dfad) Importer(815301076,1909f56bfc062723c751e8b465ee728b)  -> (artifact id: 'e011b0fd221a2873da7883cb90621536') in 0.023228 seconds
  Import took 0.026183 seconds .

========================================================================
Received Import Request.
  Time since last request: 34.935300 seconds.
  path: Assets/Scenes/main.unity
  artifactKey: Guid(78a510c781f19db4da14f78ebb30946a) Importer(815301076,1909f56bfc062723c751e8b465ee728b)
Start importing Assets/Scenes/main.unity using Guid(78a510c781f19db4da14f78ebb30946a) Importer(815301076,1909f56bfc062723c751e8b465ee728b)  -> (artifact id: '307897d572d1294bacce094e45c1f3f0') in 0.006003 seconds
  Import took 0.009266 seconds .

========================================================================
Received Import Request.
  Time since last request: 0.001210 seconds.
  path: Assets/Scenes/main.unity
  artifactKey: Guid(78a510c781f19db4da14f78ebb30946a) Importer(815301076,1909f56bfc062723c751e8b465ee728b)
Start importing Assets/Scenes/main.unity using Guid(78a510c781f19db4da14f78ebb30946a) Importer(815301076,1909f56bfc062723c751e8b465ee728b)  -> (artifact id: '307897d572d1294bacce094e45c1f3f0') in 0.002608 seconds
  Import took 0.004960 seconds .

========================================================================
Received Prepare
Registering precompiled user dll's ...
Registered in 0.001142 seconds.
Begin MonoManager ReloadAssembly
Native extension for WindowsStandalone target not found
Native extension for WebGL target not found
Refreshing native plugins compatible for Editor in 0.45 ms, found 0 plugins.
Preloading 0 native plugins for Editor in 0.00 ms.
Mono: successfully reloaded assembly
- Completed reload, in  0.579 seconds
Platform modules already initialized, skipping
Shader 'Universal Render Pipeline/Particles/Lit': fallback shader 'Universal Render Pipeline/Particles/SimpleLit' not found
Refreshing native plugins compatible for Editor in 0.41 ms, found 0 plugins.
Preloading 0 native plugins for Editor in 0.00 ms.
Unloading 2313 Unused Serialized files (Serialized files now loaded: 0)
System memory in use before: 106.6 MB.
System memory in use after: 106.8 MB.

Unloading 5 unused Assets to reduce memory usage. Loaded Objects now: 2866.
Total: 1.674000 ms (FindLiveObjects: 0.191200 ms CreateObjectMapping: 0.050300 ms MarkObjects: 1.420800 ms  DeleteObjects: 0.011100 ms)

========================================================================
Received Import Request.
  Time since last request: 446.552736 seconds.
  path: Assets/Scripts/MainManager.cs
  artifactKey: Guid(d110623a642692246a42fbc2d8d89884) Importer(815301076,1909f56bfc062723c751e8b465ee728b)
Start importing Assets/Scripts/MainManager.cs using Guid(d110623a642692246a42fbc2d8d89884) Importer(815301076,1909f56bfc062723c751e8b465ee728b)  -> (artifact id: 'c840ff90a468c841c11efe49801efa9b') in 0.007887 seconds
  Import took 0.011166 seconds .

========================================================================
Received Import Request.
  Time since last request: 0.013128 seconds.
  path: Assets/Scripts/MainManager.cs
  artifactKey: Guid(d110623a642692246a42fbc2d8d89884) Importer(815301076,1909f56bfc062723c751e8b465ee728b)
Start importing Assets/Scripts/MainManager.cs using Guid(d110623a642692246a42fbc2d8d89884) Importer(815301076,1909f56bfc062723c751e8b465ee728b)  -> (artifact id: 'c840ff90a468c841c11efe49801efa9b') in 0.001867 seconds
  Import took 0.004677 seconds .

========================================================================
Received Import Request.
  Time since last request: 12.862957 seconds.
  path: Assets/Scenes
  artifactKey: Guid(b3d8a22b2eaae1048a5db3be5ce09cb2) Importer(815301076,1909f56bfc062723c751e8b465ee728b)
Start importing Assets/Scenes using Guid(b3d8a22b2eaae1048a5db3be5ce09cb2) Importer(815301076,1909f56bfc062723c751e8b465ee728b)  -> (artifact id: 'c2436d515bf46b218cc8ff835d26ba5b') in 0.005747 seconds
  Import took 0.009217 seconds .

========================================================================
Received Import Request.
  Time since last request: 16.558771 seconds.
  path: Assets/Scenes/Start.unity
  artifactKey: Guid(2040d648a3f3184489dee22dbba28d55) Importer(815301076,1909f56bfc062723c751e8b465ee728b)
Start importing Assets/Scenes/Start.unity using Guid(2040d648a3f3184489dee22dbba28d55) Importer(815301076,1909f56bfc062723c751e8b465ee728b)  -> (artifact id: 'dbdf05126211d190e111b0cd2c4a2a30') in 0.013437 seconds
  Import took 0.016893 seconds .

========================================================================
Received Import Request.
  Time since last request: 23.016830 seconds.
  path: Assets/Scenes/StartMenu.unity
  artifactKey: Guid(2040d648a3f3184489dee22dbba28d55) Importer(815301076,1909f56bfc062723c751e8b465ee728b)
Start importing Assets/Scenes/StartMenu.unity using Guid(2040d648a3f3184489dee22dbba28d55) Importer(815301076,1909f56bfc062723c751e8b465ee728b)  -> (artifact id: 'e5bd2c83785922923b12a566af560866') in 0.006827 seconds
  Import took 0.009989 seconds .

========================================================================
Received Import Request.
  Time since last request: 237.443329 seconds.
  path: Assets/Scripts/Paddle.cs
  artifactKey: Guid(b1c141baad4ddf14a98c290342342cf6) Importer(815301076,1909f56bfc062723c751e8b465ee728b)
Start importing Assets/Scripts/Paddle.cs using Guid(b1c141baad4ddf14a98c290342342cf6) Importer(815301076,1909f56bfc062723c751e8b465ee728b)  -> (artifact id: '5b144f324e0535b49cc1128092bc5065') in 0.006872 seconds
  Import took 0.010500 seconds .

========================================================================
Received Prepare
Registering precompiled user dll's ...
Registered in 0.001042 seconds.
Begin MonoManager ReloadAssembly
Native extension for WindowsStandalone target not found
Native extension for WebGL target not found
Refreshing native plugins compatible for Editor in 0.42 ms, found 0 plugins.
Preloading 0 native plugins for Editor in 0.00 ms.
Mono: successfully reloaded assembly
- Completed reload, in  0.565 seconds
Platform modules already initialized, skipping
Shader 'Universal Render Pipeline/Particles/Lit': fallback shader 'Universal Render Pipeline/Particles/SimpleLit' not found
Refreshing native plugins compatible for Editor in 0.42 ms, found 0 plugins.
Preloading 0 native plugins for Editor in 0.00 ms.
Unloading 2326 Unused Serialized files (Serialized files now loaded: 0)
System memory in use before: 108.8 MB.
System memory in use after: 108.3 MB.

Unloading 18 unused Assets to reduce memory usage. Loaded Objects now: 2869.
Total: 2.448900 ms (FindLiveObjects: 0.251000 ms CreateObjectMapping: 0.079300 ms MarkObjects: 1.855500 ms  DeleteObjects: 0.262100 ms)

========================================================================
Received Prepare
Registering precompiled user dll's ...
Registered in 0.001214 seconds.
Begin MonoManager ReloadAssembly
Native extension for WindowsStandalone target not found
Native extension for WebGL target not found
Refreshing native plugins compatible for Editor in 0.43 ms, found 0 plugins.
Preloading 0 native plugins for Editor in 0.00 ms.
Mono: successfully reloaded assembly
- Completed reload, in  0.556 seconds
Platform modules already initialized, skipping
Shader 'Universal Render Pipeline/Particles/Lit': fallback shader 'Universal Render Pipeline/Particles/SimpleLit' not found
Refreshing native plugins compatible for Editor in 0.42 ms, found 0 plugins.
Preloading 0 native plugins for Editor in 0.00 ms.
Unloading 2326 Unused Serialized files (Serialized files now loaded: 0)
System memory in use before: 108.8 MB.
System memory in use after: 108.4 MB.

Unloading 18 unused Assets to reduce memory usage. Loaded Objects now: 2872.
Total: 2.690700 ms (FindLiveObjects: 0.270600 ms CreateObjectMapping: 0.135700 ms MarkObjects: 1.968200 ms  DeleteObjects: 0.315300 ms)

========================================================================
Received Prepare
Registering precompiled user dll's ...
Registered in 0.001034 seconds.
Begin MonoManager ReloadAssembly
Native extension for WindowsStandalone target not found
Native extension for WebGL target not found
Refreshing native plugins compatible for Editor in 0.43 ms, found 0 plugins.
Preloading 0 native plugins for Editor in 0.00 ms.
Mono: successfully reloaded assembly
- Completed reload, in  0.566 seconds
Platform modules already initialized, skipping
Shader 'Universal Render Pipeline/Particles/Lit': fallback shader 'Universal Render Pipeline/Particles/SimpleLit' not found
Refreshing native plugins compatible for Editor in 0.42 ms, found 0 plugins.
Preloading 0 native plugins for Editor in 0.00 ms.
Unloading 2326 Unused Serialized files (Serialized files now loaded: 0)
System memory in use before: 108.8 MB.
System memory in use after: 108.4 MB.

Unloading 18 unused Assets to reduce memory usage. Loaded Objects now: 2875.
Total: 2.635800 ms (FindLiveObjects: 0.277800 ms CreateObjectMapping: 0.112900 ms MarkObjects: 1.929700 ms  DeleteObjects: 0.314500 ms)

========================================================================
Received Prepare
Registering precompiled user dll's ...
Registered in 0.001025 seconds.
Begin MonoManager ReloadAssembly
Native extension for WindowsStandalone target not found
Native extension for WebGL target not found
Refreshing native plugins compatible for Editor in 0.46 ms, found 0 plugins.
Preloading 0 native plugins for Editor in 0.00 ms.
Mono: successfully reloaded assembly
- Completed reload, in  0.564 seconds
Platform modules already initialized, skipping
Shader 'Universal Render Pipeline/Particles/Lit': fallback shader 'Universal Render Pipeline/Particles/SimpleLit' not found
Refreshing native plugins compatible for Editor in 0.47 ms, found 0 plugins.
Preloading 0 native plugins for Editor in 0.00 ms.
Unloading 2326 Unused Serialized files (Serialized files now loaded: 0)
System memory in use before: 108.7 MB.
System memory in use after: 108.3 MB.

Unloading 18 unused Assets to reduce memory usage. Loaded Objects now: 2878.
Total: 3.097200 ms (FindLiveObjects: 0.275600 ms CreateObjectMapping: 0.096000 ms MarkObjects: 2.401700 ms  DeleteObjects: 0.323200 ms)

========================================================================
Received Prepare
Registering precompiled user dll's ...
Registered in 0.001017 seconds.
Begin MonoManager ReloadAssembly
Native extension for WindowsStandalone target not found
Native extension for WebGL target not found
Refreshing native plugins compatible for Editor in 0.43 ms, found 0 plugins.
Preloading 0 native plugins for Editor in 0.00 ms.
Mono: successfully reloaded assembly
- Completed reload, in  0.566 seconds
Platform modules already initialized, skipping
Shader 'Universal Render Pipeline/Particles/Lit': fallback shader 'Universal Render Pipeline/Particles/SimpleLit' not found
Refreshing native plugins compatible for Editor in 0.42 ms, found 0 plugins.
Preloading 0 native plugins for Editor in 0.00 ms.
Unloading 2326 Unused Serialized files (Serialized files now loaded: 0)
System memory in use before: 108.8 MB.
System memory in use after: 108.4 MB.

Unloading 18 unused Assets to reduce memory usage. Loaded Objects now: 2881.
Total: 2.337900 ms (FindLiveObjects: 0.254500 ms CreateObjectMapping: 0.079100 ms MarkObjects: 1.713100 ms  DeleteObjects: 0.290300 ms)

========================================================================
Received Import Request.
  Time since last request: 2500.060582 seconds.
  path: Assets/Scripts/MainManager.cs
  artifactKey: Guid(d110623a642692246a42fbc2d8d89884) Importer(815301076,1909f56bfc062723c751e8b465ee728b)
Start importing Assets/Scripts/MainManager.cs using Guid(d110623a642692246a42fbc2d8d89884) Importer(815301076,1909f56bfc062723c751e8b465ee728b)  -> (artifact id: '458420e7628ed5a41c887746eec82c17') in 0.009526 seconds
  Import took 0.013273 seconds .

========================================================================
Received Import Request.
  Time since last request: 48.420336 seconds.
  path: Assets/Scripts/MainManager.cs
  artifactKey: Guid(d110623a642692246a42fbc2d8d89884) Importer(815301076,1909f56bfc062723c751e8b465ee728b)
Start importing Assets/Scripts/MainManager.cs using Guid(d110623a642692246a42fbc2d8d89884) Importer(815301076,1909f56bfc062723c751e8b465ee728b)  -> (artifact id: 'eda7447ea656fbc30dd164ec95946e6a') in 0.002727 seconds
  Import took 0.005882 seconds .

========================================================================
Received Prepare
Registering precompiled user dll's ...
Registered in 0.001039 seconds.
Begin MonoManager ReloadAssembly
Native extension for WindowsStandalone target not found
Native extension for WebGL target not found
Refreshing native plugins compatible for Editor in 0.42 ms, found 0 plugins.
Preloading 0 native plugins for Editor in 0.00 ms.
Mono: successfully reloaded assembly
- Completed reload, in  0.578 seconds
Platform modules already initialized, skipping
Shader 'Universal Render Pipeline/Particles/Lit': fallback shader 'Universal Render Pipeline/Particles/SimpleLit' not found
Refreshing native plugins compatible for Editor in 0.41 ms, found 0 plugins.
Preloading 0 native plugins for Editor in 0.00 ms.
Unloading 2326 Unused Serialized files (Serialized files now loaded: 0)
System memory in use before: 108.9 MB.
System memory in use after: 108.4 MB.

Unloading 18 unused Assets to reduce memory usage. Loaded Objects now: 2884.
Total: 2.515700 ms (FindLiveObjects: 0.254500 ms CreateObjectMapping: 0.091700 ms MarkObjects: 1.825800 ms  DeleteObjects: 0.343200 ms)

========================================================================
Received Import Request.
  Time since last request: 42.876828 seconds.
  path: Assets/Scripts/MainManager.cs
  artifactKey: Guid(d110623a642692246a42fbc2d8d89884) Importer(815301076,1909f56bfc062723c751e8b465ee728b)
Start importing Assets/Scripts/MainManager.cs using Guid(d110623a642692246a42fbc2d8d89884) Importer(815301076,1909f56bfc062723c751e8b465ee728b)  -> (artifact id: '49db12c6710bb4c1d3f3a616617e5be5') in 0.005449 seconds
  Import took 0.009099 seconds .

========================================================================
Received Import Request.
  Time since last request: 0.055922 seconds.
  path: Assets/Scripts/MainManager.cs
  artifactKey: Guid(d110623a642692246a42fbc2d8d89884) Importer(815301076,1909f56bfc062723c751e8b465ee728b)
Start importing Assets/Scripts/MainManager.cs using Guid(d110623a642692246a42fbc2d8d89884) Importer(815301076,1909f56bfc062723c751e8b465ee728b)  -> (artifact id: '49db12c6710bb4c1d3f3a616617e5be5') in 0.002574 seconds
  Import took 0.005902 seconds .

========================================================================
Received Prepare
Registering precompiled user dll's ...
Registered in 0.001247 seconds.
Begin MonoManager ReloadAssembly
Native extension for WindowsStandalone target not found
Native extension for WebGL target not found
Refreshing native plugins compatible for Editor in 0.43 ms, found 0 plugins.
Preloading 0 native plugins for Editor in 0.00 ms.
Mono: successfully reloaded assembly
- Completed reload, in  0.555 seconds
Platform modules already initialized, skipping
Shader 'Universal Render Pipeline/Particles/Lit': fallback shader 'Universal Render Pipeline/Particles/SimpleLit' not found
Refreshing native plugins compatible for Editor in 0.43 ms, found 0 plugins.
Preloading 0 native plugins for Editor in 0.00 ms.
Unloading 2326 Unused Serialized files (Serialized files now loaded: 0)
System memory in use before: 108.9 MB.
System memory in use after: 108.4 MB.

Unloading 18 unused Assets to reduce memory usage. Loaded Objects now: 2887.
Total: 2.573000 ms (FindLiveObjects: 0.277400 ms CreateObjectMapping: 0.109900 ms MarkObjects: 1.878200 ms  DeleteObjects: 0.306800 ms)

========================================================================
Received Import Request.
  Time since last request: 33.305931 seconds.
  path: Assets/Scripts
  artifactKey: Guid(02a3527b6b33a924e8ec66aa805ea717) Importer(815301076,1909f56bfc062723c751e8b465ee728b)
Start importing Assets/Scripts using Guid(02a3527b6b33a924e8ec66aa805ea717) Importer(815301076,1909f56bfc062723c751e8b465ee728b)  -> (artifact id: 'b344c0b82b8aa901179a7864745fc067') in 0.009394 seconds
  Import took 0.012979 seconds .

========================================================================
Received Import Request.
  Time since last request: 12.612648 seconds.
  path: Assets/Scripts/GameManager.cs
  artifactKey: Guid(5f3db9e7a7d52a54aa8587d3a81fac67) Importer(815301076,1909f56bfc062723c751e8b465ee728b)
Start importing Assets/Scripts/GameManager.cs using Guid(5f3db9e7a7d52a54aa8587d3a81fac67) Importer(815301076,1909f56bfc062723c751e8b465ee728b)  -> (artifact id: '4926414cb01bf7f139d60910cb62ef32') in 0.007163 seconds
  Import took 0.010986 seconds .

========================================================================
Received Import Request.
  Time since last request: 0.004794 seconds.
  path: Assets/Scripts/GameManager.cs
  artifactKey: Guid(5f3db9e7a7d52a54aa8587d3a81fac67) Importer(815301076,1909f56bfc062723c751e8b465ee728b)
Start importing Assets/Scripts/GameManager.cs using Guid(5f3db9e7a7d52a54aa8587d3a81fac67) Importer(815301076,1909f56bfc062723c751e8b465ee728b)  -> (artifact id: '4926414cb01bf7f139d60910cb62ef32') in 0.002804 seconds
  Import took 0.006049 seconds .

========================================================================
Received Prepare
Registering precompiled user dll's ...
Registered in 0.001026 seconds.
Begin MonoManager ReloadAssembly
Native extension for WindowsStandalone target not found
Native extension for WebGL target not found
Refreshing native plugins compatible for Editor in 0.43 ms, found 0 plugins.
Preloading 0 native plugins for Editor in 0.00 ms.
Mono: successfully reloaded assembly
- Completed reload, in  0.575 seconds
Platform modules already initialized, skipping
Shader 'Universal Render Pipeline/Particles/Lit': fallback shader 'Universal Render Pipeline/Particles/SimpleLit' not found
Refreshing native plugins compatible for Editor in 0.42 ms, found 0 plugins.
Preloading 0 native plugins for Editor in 0.00 ms.
Unloading 2327 Unused Serialized files (Serialized files now loaded: 0)
System memory in use before: 108.9 MB.
System memory in use after: 108.5 MB.

Unloading 18 unused Assets to reduce memory usage. Loaded Objects now: 2891.
Total: 2.582300 ms (FindLiveObjects: 0.284100 ms CreateObjectMapping: 0.099800 ms MarkObjects: 1.898000 ms  DeleteObjects: 0.299300 ms)

========================================================================
Received Import Request.
  Time since last request: 22.221103 seconds.
  path: Assets/Scripts/GameManager.cs
  artifactKey: Guid(5f3db9e7a7d52a54aa8587d3a81fac67) Importer(815301076,1909f56bfc062723c751e8b465ee728b)
Start importing Assets/Scripts/GameManager.cs using Guid(5f3db9e7a7d52a54aa8587d3a81fac67) Importer(815301076,1909f56bfc062723c751e8b465ee728b)  -> (artifact id: 'e61da75d87df1ef3987bcc46c3db7390') in 0.005033 seconds
  Import took 0.008489 seconds .

========================================================================
Received Import Request.
  Time since last request: 0.049202 seconds.
  path: Assets/Scripts/GameManager.cs
  artifactKey: Guid(5f3db9e7a7d52a54aa8587d3a81fac67) Importer(815301076,1909f56bfc062723c751e8b465ee728b)
Start importing Assets/Scripts/GameManager.cs using Guid(5f3db9e7a7d52a54aa8587d3a81fac67) Importer(815301076,1909f56bfc062723c751e8b465ee728b)  -> (artifact id: 'e61da75d87df1ef3987bcc46c3db7390') in 0.001940 seconds
  Import took 0.005119 seconds .

========================================================================
Received Prepare
Registering precompiled user dll's ...
Registered in 0.001081 seconds.
Begin MonoManager ReloadAssembly
Native extension for WindowsStandalone target not found
Native extension for WebGL target not found
Refreshing native plugins compatible for Editor in 0.43 ms, found 0 plugins.
Preloading 0 native plugins for Editor in 0.00 ms.
Mono: successfully reloaded assembly
- Completed reload, in  0.567 seconds
Platform modules already initialized, skipping
Shader 'Universal Render Pipeline/Particles/Lit': fallback shader 'Universal Render Pipeline/Particles/SimpleLit' not found
Refreshing native plugins compatible for Editor in 0.42 ms, found 0 plugins.
Preloading 0 native plugins for Editor in 0.00 ms.
Unloading 2327 Unused Serialized files (Serialized files now loaded: 0)
System memory in use before: 108.8 MB.
System memory in use after: 108.4 MB.

Unloading 18 unused Assets to reduce memory usage. Loaded Objects now: 2894.
Total: 2.438800 ms (FindLiveObjects: 0.247900 ms CreateObjectMapping: 0.082300 ms MarkObjects: 1.825000 ms  DeleteObjects: 0.283100 ms)

========================================================================
Received Import Request.
  Time since last request: 59.146116 seconds.
  path: Assets/Scripts/GameManager.cs
  artifactKey: Guid(5f3db9e7a7d52a54aa8587d3a81fac67) Importer(815301076,1909f56bfc062723c751e8b465ee728b)
Start importing Assets/Scripts/GameManager.cs using Guid(5f3db9e7a7d52a54aa8587d3a81fac67) Importer(815301076,1909f56bfc062723c751e8b465ee728b)  -> (artifact id: 'c906f18aae131e8877d5d80e7b0b5cd5') in 0.004987 seconds
  Import took 0.008301 seconds .

========================================================================
Received Prepare
Registering precompiled user dll's ...
Registered in 0.001561 seconds.
Begin MonoManager ReloadAssembly
Native extension for WindowsStandalone target not found
Native extension for WebGL target not found
Refreshing native plugins compatible for Editor in 0.43 ms, found 0 plugins.
Preloading 0 native plugins for Editor in 0.00 ms.
Mono: successfully reloaded assembly
- Completed reload, in  0.552 seconds
Platform modules already initialized, skipping
Shader 'Universal Render Pipeline/Particles/Lit': fallback shader 'Universal Render Pipeline/Particles/SimpleLit' not found
Refreshing native plugins compatible for Editor in 0.41 ms, found 0 plugins.
Preloading 0 native plugins for Editor in 0.00 ms.
Unloading 2327 Unused Serialized files (Serialized files now loaded: 0)
System memory in use before: 108.9 MB.
System memory in use after: 108.5 MB.

Unloading 18 unused Assets to reduce memory usage. Loaded Objects now: 2897.
Total: 2.297500 ms (FindLiveObjects: 0.278700 ms CreateObjectMapping: 0.059000 ms MarkObjects: 1.658800 ms  DeleteObjects: 0.300400 ms)

========================================================================
Received Import Request.
  Time since last request: 287.873418 seconds.
  path: Assets/Scripts/MenuUIHandler.cs
  artifactKey: Guid(41d8f19ed59ea9746ab2cf3577f2b3d2) Importer(815301076,1909f56bfc062723c751e8b465ee728b)
Start importing Assets/Scripts/MenuUIHandler.cs using Guid(41d8f19ed59ea9746ab2cf3577f2b3d2) Importer(815301076,1909f56bfc062723c751e8b465ee728b)  -> (artifact id: '555b31d8c3baef565ad3509bfe31a3aa') in 0.009695 seconds
  Import took 0.014555 seconds .

========================================================================
Received Import Request.
  Time since last request: 0.001630 seconds.
  path: Assets/Scripts/MenuUIHandler.cs
  artifactKey: Guid(41d8f19ed59ea9746ab2cf3577f2b3d2) Importer(815301076,1909f56bfc062723c751e8b465ee728b)
Start importing Assets/Scripts/MenuUIHandler.cs using Guid(41d8f19ed59ea9746ab2cf3577f2b3d2) Importer(815301076,1909f56bfc062723c751e8b465ee728b)  -> (artifact id: '555b31d8c3baef565ad3509bfe31a3aa') in 0.002470 seconds
  Import took 0.006275 seconds .

========================================================================
Received Prepare
Registering precompiled user dll's ...
Registered in 0.001065 seconds.
Begin MonoManager ReloadAssembly
Native extension for WindowsStandalone target not found
Native extension for WebGL target not found
Refreshing native plugins compatible for Editor in 0.52 ms, found 0 plugins.
Preloading 0 native plugins for Editor in 0.00 ms.
Mono: successfully reloaded assembly
- Completed reload, in  0.577 seconds
Platform modules already initialized, skipping
Shader 'Universal Render Pipeline/Particles/Lit': fallback shader 'Universal Render Pipeline/Particles/SimpleLit' not found
Refreshing native plugins compatible for Editor in 0.42 ms, found 0 plugins.
Preloading 0 native plugins for Editor in 0.00 ms.
Unloading 2328 Unused Serialized files (Serialized files now loaded: 0)
System memory in use before: 108.9 MB.
System memory in use after: 108.5 MB.

Unloading 18 unused Assets to reduce memory usage. Loaded Objects now: 2901.
Total: 2.623700 ms (FindLiveObjects: 0.283500 ms CreateObjectMapping: 0.108400 ms MarkObjects: 1.922400 ms  DeleteObjects: 0.308500 ms)

========================================================================
Received Import Request.
  Time since last request: 35.895498 seconds.
  path: Assets/Scripts/MenuUIHandler.cs
  artifactKey: Guid(41d8f19ed59ea9746ab2cf3577f2b3d2) Importer(815301076,1909f56bfc062723c751e8b465ee728b)
Start importing Assets/Scripts/MenuUIHandler.cs using Guid(41d8f19ed59ea9746ab2cf3577f2b3d2) Importer(815301076,1909f56bfc062723c751e8b465ee728b)  -> (artifact id: 'e268f85a8f4c5fbc8f0e5d7d2de2e113') in 0.005336 seconds
  Import took 0.008769 seconds .

========================================================================
Received Prepare
Registering precompiled user dll's ...
Registered in 0.001054 seconds.
Begin MonoManager ReloadAssembly
Native extension for WindowsStandalone target not found
Native extension for WebGL target not found
Refreshing native plugins compatible for Editor in 0.42 ms, found 0 plugins.
Preloading 0 native plugins for Editor in 0.00 ms.
Mono: successfully reloaded assembly
- Completed reload, in  0.567 seconds
Platform modules already initialized, skipping
Shader 'Universal Render Pipeline/Particles/Lit': fallback shader 'Universal Render Pipeline/Particles/SimpleLit' not found
Refreshing native plugins compatible for Editor in 0.43 ms, found 0 plugins.
Preloading 0 native plugins for Editor in 0.00 ms.
Unloading 2328 Unused Serialized files (Serialized files now loaded: 0)
System memory in use before: 108.9 MB.
System memory in use after: 108.5 MB.

Unloading 18 unused Assets to reduce memory usage. Loaded Objects now: 2904.
Total: 2.731000 ms (FindLiveObjects: 0.287300 ms CreateObjectMapping: 0.102600 ms MarkObjects: 1.967800 ms  DeleteObjects: 0.372500 ms)

========================================================================
Received Import Request.
  Time since last request: 146.175185 seconds.
  path: Assets/Scripts/MenuUIHandler.cs
  artifactKey: Guid(41d8f19ed59ea9746ab2cf3577f2b3d2) Importer(815301076,1909f56bfc062723c751e8b465ee728b)
Start importing Assets/Scripts/MenuUIHandler.cs using Guid(41d8f19ed59ea9746ab2cf3577f2b3d2) Importer(815301076,1909f56bfc062723c751e8b465ee728b)  -> (artifact id: '046ee6199532c43d9b443bbd758f48ff') in 0.005041 seconds
  Import took 0.008480 seconds .

========================================================================
Received Import Request.
  Time since last request: 0.065192 seconds.
  path: Assets/Scripts/MenuUIHandler.cs
  artifactKey: Guid(41d8f19ed59ea9746ab2cf3577f2b3d2) Importer(815301076,1909f56bfc062723c751e8b465ee728b)
Start importing Assets/Scripts/MenuUIHandler.cs using Guid(41d8f19ed59ea9746ab2cf3577f2b3d2) Importer(815301076,1909f56bfc062723c751e8b465ee728b)  -> (artifact id: '046ee6199532c43d9b443bbd758f48ff') in 0.002020 seconds
  Import took 0.005370 seconds .

========================================================================
Received Prepare
Registering precompiled user dll's ...
Registered in 0.001028 seconds.
Begin MonoManager ReloadAssembly
Native extension for WindowsStandalone target not found
Native extension for WebGL target not found
Refreshing native plugins compatible for Editor in 0.43 ms, found 0 plugins.
Preloading 0 native plugins for Editor in 0.00 ms.
Mono: successfully reloaded assembly
- Completed reload, in  0.557 seconds
Platform modules already initialized, skipping
Shader 'Universal Render Pipeline/Particles/Lit': fallback shader 'Universal Render Pipeline/Particles/SimpleLit' not found
Refreshing native plugins compatible for Editor in 0.42 ms, found 0 plugins.
Preloading 0 native plugins for Editor in 0.00 ms.
Unloading 2328 Unused Serialized files (Serialized files now loaded: 0)
System memory in use before: 108.9 MB.
System memory in use after: 108.5 MB.

Unloading 18 unused Assets to reduce memory usage. Loaded Objects now: 2907.
Total: 2.582800 ms (FindLiveObjects: 0.284600 ms CreateObjectMapping: 0.106100 ms MarkObjects: 1.880600 ms  DeleteObjects: 0.310600 ms)

========================================================================
Received Import Request.
  Time since last request: 73.207161 seconds.
  path: Assets/Scenes/StartMenu.unity
  artifactKey: Guid(2040d648a3f3184489dee22dbba28d55) Importer(815301076,1909f56bfc062723c751e8b465ee728b)
Start importing Assets/Scenes/StartMenu.unity using Guid(2040d648a3f3184489dee22dbba28d55) Importer(815301076,1909f56bfc062723c751e8b465ee728b)  -> (artifact id: 'b6216c2e3ca5e445187ef6dc1eab7975') in 0.010129 seconds
  Import took 0.014014 seconds .

========================================================================
Received Prepare
Registering precompiled user dll's ...
Registered in 0.001178 seconds.
Begin MonoManager ReloadAssembly
Native extension for WindowsStandalone target not found
Native extension for WebGL target not found
Refreshing native plugins compatible for Editor in 0.43 ms, found 0 plugins.
Preloading 0 native plugins for Editor in 0.00 ms.
Mono: successfully reloaded assembly
- Completed reload, in  0.569 seconds
Platform modules already initialized, skipping
Shader 'Universal Render Pipeline/Particles/Lit': fallback shader 'Universal Render Pipeline/Particles/SimpleLit' not found
Refreshing native plugins compatible for Editor in 0.43 ms, found 0 plugins.
Preloading 0 native plugins for Editor in 0.00 ms.
Unloading 2328 Unused Serialized files (Serialized files now loaded: 0)
System memory in use before: 108.9 MB.
System memory in use after: 108.4 MB.

Unloading 18 unused Assets to reduce memory usage. Loaded Objects now: 2910.
Total: 2.456100 ms (FindLiveObjects: 0.276500 ms CreateObjectMapping: 0.061000 ms MarkObjects: 1.808600 ms  DeleteObjects: 0.309400 ms)

========================================================================
Received Import Request.
  Time since last request: 465.305596 seconds.
  path: Assets/Scripts/UIMainHandler.cs
  artifactKey: Guid(942f277def7bafc4cb21dfcbe5e29671) Importer(815301076,1909f56bfc062723c751e8b465ee728b)
Start importing Assets/Scripts/UIMainHandler.cs using Guid(942f277def7bafc4cb21dfcbe5e29671) Importer(815301076,1909f56bfc062723c751e8b465ee728b)  -> (artifact id: '17551519e900c5346972ac914ec099be') in 0.010052 seconds
  Import took 0.014871 seconds .

========================================================================
Received Prepare
Registering precompiled user dll's ...
Registered in 0.001031 seconds.
Begin MonoManager ReloadAssembly
Native extension for WindowsStandalone target not found
Native extension for WebGL target not found
Refreshing native plugins compatible for Editor in 0.44 ms, found 0 plugins.
Preloading 0 native plugins for Editor in 0.00 ms.
Mono: successfully reloaded assembly
- Completed reload, in  0.619 seconds
Platform modules already initialized, skipping
Shader 'Universal Render Pipeline/Particles/Lit': fallback shader 'Universal Render Pipeline/Particles/SimpleLit' not found
Refreshing native plugins compatible for Editor in 0.44 ms, found 0 plugins.
Preloading 0 native plugins for Editor in 0.00 ms.
Unloading 2329 Unused Serialized files (Serialized files now loaded: 0)
System memory in use before: 109.0 MB.
System memory in use after: 108.5 MB.

Unloading 18 unused Assets to reduce memory usage. Loaded Objects now: 2914.
Total: 2.570900 ms (FindLiveObjects: 0.289600 ms CreateObjectMapping: 0.121200 ms MarkObjects: 1.844900 ms  DeleteObjects: 0.314300 ms)

========================================================================
Received Import Request.
  Time since last request: 35.836152 seconds.
  path: Assets/Scripts/UIMainHandler.cs
  artifactKey: Guid(942f277def7bafc4cb21dfcbe5e29671) Importer(815301076,1909f56bfc062723c751e8b465ee728b)
Start importing Assets/Scripts/UIMainHandler.cs using Guid(942f277def7bafc4cb21dfcbe5e29671) Importer(815301076,1909f56bfc062723c751e8b465ee728b)  -> (artifact id: '895b0a77d89e8a0feaddea58afe44ffd') in 0.005476 seconds
  Import took 0.009292 seconds .

========================================================================
Received Prepare
Registering precompiled user dll's ...
Registered in 0.001069 seconds.
Begin MonoManager ReloadAssembly
Native extension for WindowsStandalone target not found
Native extension for WebGL target not found
Refreshing native plugins compatible for Editor in 0.43 ms, found 0 plugins.
Preloading 0 native plugins for Editor in 0.00 ms.
Mono: successfully reloaded assembly
- Completed reload, in  0.563 seconds
Platform modules already initialized, skipping
Shader 'Universal Render Pipeline/Particles/Lit': fallback shader 'Universal Render Pipeline/Particles/SimpleLit' not found
Refreshing native plugins compatible for Editor in 0.43 ms, found 0 plugins.
Preloading 0 native plugins for Editor in 0.00 ms.
Unloading 2329 Unused Serialized files (Serialized files now loaded: 0)
System memory in use before: 109.0 MB.
System memory in use after: 108.6 MB.

Unloading 18 unused Assets to reduce memory usage. Loaded Objects now: 2917.
Total: 2.468700 ms (FindLiveObjects: 0.334100 ms CreateObjectMapping: 0.088000 ms MarkObjects: 1.745000 ms  DeleteObjects: 0.301000 ms)

========================================================================
Received Import Request.
  Time since last request: 188.214142 seconds.
  path: Assets/Scripts/UIMainHandler.cs
  artifactKey: Guid(942f277def7bafc4cb21dfcbe5e29671) Importer(815301076,1909f56bfc062723c751e8b465ee728b)
Start importing Assets/Scripts/UIMainHandler.cs using Guid(942f277def7bafc4cb21dfcbe5e29671) Importer(815301076,1909f56bfc062723c751e8b465ee728b)  -> (artifact id: '483df6dc08f741277d9fc27c6c667fe3') in 0.005740 seconds
  Import took 0.009524 seconds .

========================================================================
Received Prepare
Registering precompiled user dll's ...
Registered in 0.001077 seconds.
Begin MonoManager ReloadAssembly
Native extension for WindowsStandalone target not found
Native extension for WebGL target not found
Refreshing native plugins compatible for Editor in 0.43 ms, found 0 plugins.
Preloading 0 native plugins for Editor in 0.00 ms.
Mono: successfully reloaded assembly
- Completed reload, in  0.570 seconds
Platform modules already initialized, skipping
Shader 'Universal Render Pipeline/Particles/Lit': fallback shader 'Universal Render Pipeline/Particles/SimpleLit' not found
Refreshing native plugins compatible for Editor in 0.53 ms, found 0 plugins.
Preloading 0 native plugins for Editor in 0.00 ms.
Unloading 2329 Unused Serialized files (Serialized files now loaded: 0)
System memory in use before: 109.0 MB.
System memory in use after: 108.6 MB.

Unloading 18 unused Assets to reduce memory usage. Loaded Objects now: 2920.
Total: 2.846600 ms (FindLiveObjects: 0.428500 ms CreateObjectMapping: 0.152000 ms MarkObjects: 1.941600 ms  DeleteObjects: 0.321500 ms)

========================================================================
Received Import Request.
  Time since last request: 51.268749 seconds.
  path: Assets/Scenes/StartMenu.unity
  artifactKey: Guid(2040d648a3f3184489dee22dbba28d55) Importer(815301076,1909f56bfc062723c751e8b465ee728b)
Start importing Assets/Scenes/StartMenu.unity using Guid(2040d648a3f3184489dee22dbba28d55) Importer(815301076,1909f56bfc062723c751e8b465ee728b)  -> (artifact id: '31bf5948380061c638c47cde6145edb3') in 0.010004 seconds
  Import took 0.013704 seconds .

========================================================================
Received Prepare
Registering precompiled user dll's ...
Registered in 0.001307 seconds.
Begin MonoManager ReloadAssembly
Native extension for WindowsStandalone target not found
Native extension for WebGL target not found
Refreshing native plugins compatible for Editor in 0.43 ms, found 0 plugins.
Preloading 0 native plugins for Editor in 0.00 ms.
Mono: successfully reloaded assembly
- Completed reload, in  0.642 seconds
Platform modules already initialized, skipping
Shader 'Universal Render Pipeline/Particles/Lit': fallback shader 'Universal Render Pipeline/Particles/SimpleLit' not found
Refreshing native plugins compatible for Editor in 0.42 ms, found 0 plugins.
Preloading 0 native plugins for Editor in 0.00 ms.
Unloading 2329 Unused Serialized files (Serialized files now loaded: 0)
System memory in use before: 109.0 MB.
System memory in use after: 108.6 MB.

Unloading 18 unused Assets to reduce memory usage. Loaded Objects now: 2923.
Total: 2.747900 ms (FindLiveObjects: 0.353100 ms CreateObjectMapping: 0.068000 ms MarkObjects: 1.961900 ms  DeleteObjects: 0.362900 ms)

========================================================================
Received Prepare
Registering precompiled user dll's ...
Registered in 0.001085 seconds.
Begin MonoManager ReloadAssembly
Native extension for WindowsStandalone target not found
Native extension for WebGL target not found
Refreshing native plugins compatible for Editor in 0.45 ms, found 0 plugins.
Preloading 0 native plugins for Editor in 0.00 ms.
Mono: successfully reloaded assembly
- Completed reload, in  0.579 seconds
Platform modules already initialized, skipping
Shader 'Universal Render Pipeline/Particles/Lit': fallback shader 'Universal Render Pipeline/Particles/SimpleLit' not found
Refreshing native plugins compatible for Editor in 0.43 ms, found 0 plugins.
Preloading 0 native plugins for Editor in 0.00 ms.
Unloading 2329 Unused Serialized files (Serialized files now loaded: 0)
System memory in use before: 108.9 MB.
System memory in use after: 108.5 MB.

Unloading 18 unused Assets to reduce memory usage. Loaded Objects now: 2926.
Total: 2.492100 ms (FindLiveObjects: 0.266700 ms CreateObjectMapping: 0.097400 ms MarkObjects: 1.817600 ms  DeleteObjects: 0.309800 ms)

========================================================================
Received Prepare
Registering precompiled user dll's ...
Registered in 0.001058 seconds.
Begin MonoManager ReloadAssembly
Native extension for WindowsStandalone target not found
Native extension for WebGL target not found
Refreshing native plugins compatible for Editor in 0.42 ms, found 0 plugins.
Preloading 0 native plugins for Editor in 0.00 ms.
Mono: successfully reloaded assembly
- Completed reload, in  0.574 seconds
Platform modules already initialized, skipping
Shader 'Universal Render Pipeline/Particles/Lit': fallback shader 'Universal Render Pipeline/Particles/SimpleLit' not found
Refreshing native plugins compatible for Editor in 0.42 ms, found 0 plugins.
Preloading 0 native plugins for Editor in 0.00 ms.
Unloading 2329 Unused Serialized files (Serialized files now loaded: 0)
System memory in use before: 109.0 MB.
System memory in use after: 108.6 MB.

Unloading 18 unused Assets to reduce memory usage. Loaded Objects now: 2929.
Total: 2.563200 ms (FindLiveObjects: 0.260300 ms CreateObjectMapping: 0.098200 ms MarkObjects: 1.893000 ms  DeleteObjects: 0.310600 ms)

========================================================================
Received Prepare
Registering precompiled user dll's ...
Registered in 0.001050 seconds.
Begin MonoManager ReloadAssembly
Native extension for WindowsStandalone target not found
Native extension for WebGL target not found
Refreshing native plugins compatible for Editor in 0.42 ms, found 0 plugins.
Preloading 0 native plugins for Editor in 0.00 ms.
Mono: successfully reloaded assembly
- Completed reload, in  0.586 seconds
Platform modules already initialized, skipping
Shader 'Universal Render Pipeline/Particles/Lit': fallback shader 'Universal Render Pipeline/Particles/SimpleLit' not found
Refreshing native plugins compatible for Editor in 0.47 ms, found 0 plugins.
Preloading 0 native plugins for Editor in 0.00 ms.
Unloading 2329 Unused Serialized files (Serialized files now loaded: 0)
System memory in use before: 109.0 MB.
System memory in use after: 108.6 MB.

Unloading 18 unused Assets to reduce memory usage. Loaded Objects now: 2932.
Total: 2.656300 ms (FindLiveObjects: 0.292200 ms CreateObjectMapping: 0.118600 ms MarkObjects: 1.930500 ms  DeleteObjects: 0.314300 ms)

========================================================================
Received Import Request.
  Time since last request: 10886.591216 seconds.
  path: Assets/Scripts/MenuUIHandler.cs
  artifactKey: Guid(41d8f19ed59ea9746ab2cf3577f2b3d2) Importer(815301076,1909f56bfc062723c751e8b465ee728b)
Start importing Assets/Scripts/MenuUIHandler.cs using Guid(41d8f19ed59ea9746ab2cf3577f2b3d2) Importer(815301076,1909f56bfc062723c751e8b465ee728b)  -> (artifact id: '369d0c473168a9e950ca75956d2bd25b') in 0.008513 seconds
  Import took 0.012762 seconds .

========================================================================
Received Prepare
Registering precompiled user dll's ...
Registered in 0.001071 seconds.
Begin MonoManager ReloadAssembly
Native extension for WindowsStandalone target not found
Native extension for WebGL target not found
Refreshing native plugins compatible for Editor in 0.43 ms, found 0 plugins.
Preloading 0 native plugins for Editor in 0.00 ms.
Mono: successfully reloaded assembly
- Completed reload, in  0.573 seconds
Platform modules already initialized, skipping
Shader 'Universal Render Pipeline/Particles/Lit': fallback shader 'Universal Render Pipeline/Particles/SimpleLit' not found
Refreshing native plugins compatible for Editor in 0.42 ms, found 0 plugins.
Preloading 0 native plugins for Editor in 0.00 ms.
Unloading 2329 Unused Serialized files (Serialized files now loaded: 0)
System memory in use before: 109.0 MB.
System memory in use after: 108.6 MB.

Unloading 18 unused Assets to reduce memory usage. Loaded Objects now: 2935.
Total: 2.516700 ms (FindLiveObjects: 0.261400 ms CreateObjectMapping: 0.086500 ms MarkObjects: 1.853100 ms  DeleteObjects: 0.314800 ms)

========================================================================
Received Prepare
Registering precompiled user dll's ...
Registered in 0.001070 seconds.
Begin MonoManager ReloadAssembly
Native extension for WindowsStandalone target not found
Native extension for WebGL target not found
Refreshing native plugins compatible for Editor in 0.42 ms, found 0 plugins.
Preloading 0 native plugins for Editor in 0.00 ms.
Mono: successfully reloaded assembly
- Completed reload, in  0.588 seconds
Platform modules already initialized, skipping
Shader 'Universal Render Pipeline/Particles/Lit': fallback shader 'Universal Render Pipeline/Particles/SimpleLit' not found
Refreshing native plugins compatible for Editor in 0.41 ms, found 0 plugins.
Preloading 0 native plugins for Editor in 0.00 ms.
Unloading 2329 Unused Serialized files (Serialized files now loaded: 0)
System memory in use before: 109.0 MB.
System memory in use after: 108.6 MB.

Unloading 18 unused Assets to reduce memory usage. Loaded Objects now: 2938.
Total: 2.457300 ms (FindLiveObjects: 0.269000 ms CreateObjectMapping: 0.096400 ms MarkObjects: 1.784600 ms  DeleteObjects: 0.306600 ms)

========================================================================
Received Prepare
Registering precompiled user dll's ...
Registered in 0.001081 seconds.
Begin MonoManager ReloadAssembly
Native extension for WindowsStandalone target not found
Native extension for WebGL target not found
Refreshing native plugins compatible for Editor in 0.60 ms, found 0 plugins.
Preloading 0 native plugins for Editor in 0.00 ms.
Mono: successfully reloaded assembly
- Completed reload, in  0.585 seconds
Platform modules already initialized, skipping
Shader 'Universal Render Pipeline/Particles/Lit': fallback shader 'Universal Render Pipeline/Particles/SimpleLit' not found
Refreshing native plugins compatible for Editor in 0.43 ms, found 0 plugins.
Preloading 0 native plugins for Editor in 0.00 ms.
Unloading 2329 Unused Serialized files (Serialized files now loaded: 0)
System memory in use before: 109.0 MB.
System memory in use after: 108.5 MB.

Unloading 18 unused Assets to reduce memory usage. Loaded Objects now: 2941.
Total: 2.412300 ms (FindLiveObjects: 0.248200 ms CreateObjectMapping: 0.089200 ms MarkObjects: 1.782500 ms  DeleteObjects: 0.291900 ms)

========================================================================
Received Prepare
Registering precompiled user dll's ...
Registered in 0.001064 seconds.
Begin MonoManager ReloadAssembly
Native extension for WindowsStandalone target not found
Native extension for WebGL target not found
Refreshing native plugins compatible for Editor in 0.43 ms, found 0 plugins.
Preloading 0 native plugins for Editor in 0.00 ms.
Mono: successfully reloaded assembly
- Completed reload, in  0.576 seconds
Platform modules already initialized, skipping
Shader 'Universal Render Pipeline/Particles/Lit': fallback shader 'Universal Render Pipeline/Particles/SimpleLit' not found
Refreshing native plugins compatible for Editor in 0.42 ms, found 0 plugins.
Preloading 0 native plugins for Editor in 0.00 ms.
Unloading 2329 Unused Serialized files (Serialized files now loaded: 0)
System memory in use before: 109.1 MB.
System memory in use after: 108.6 MB.

Unloading 18 unused Assets to reduce memory usage. Loaded Objects now: 2944.
Total: 2.505100 ms (FindLiveObjects: 0.233300 ms CreateObjectMapping: 0.081700 ms MarkObjects: 1.897900 ms  DeleteObjects: 0.291700 ms)

========================================================================
Received Prepare
Registering precompiled user dll's ...
Registered in 0.001097 seconds.
Begin MonoManager ReloadAssembly
Native extension for WindowsStandalone target not found
Native extension for WebGL target not found
Refreshing native plugins compatible for Editor in 0.43 ms, found 0 plugins.
Preloading 0 native plugins for Editor in 0.00 ms.
Mono: successfully reloaded assembly
- Completed reload, in  0.570 seconds
Platform modules already initialized, skipping
Shader 'Universal Render Pipeline/Particles/Lit': fallback shader 'Universal Render Pipeline/Particles/SimpleLit' not found
Refreshing native plugins compatible for Editor in 0.43 ms, found 0 plugins.
Preloading 0 native plugins for Editor in 0.00 ms.
Unloading 2329 Unused Serialized files (Serialized files now loaded: 0)
System memory in use before: 109.1 MB.
System memory in use after: 108.6 MB.

Unloading 18 unused Assets to reduce memory usage. Loaded Objects now: 2947.
Total: 2.507400 ms (FindLiveObjects: 0.427700 ms CreateObjectMapping: 0.068800 ms MarkObjects: 1.694100 ms  DeleteObjects: 0.315700 ms)

========================================================================
Received Prepare
Registering precompiled user dll's ...
Registered in 0.001061 seconds.
Begin MonoManager ReloadAssembly
Native extension for WindowsStandalone target not found
Native extension for WebGL target not found
Refreshing native plugins compatible for Editor in 0.43 ms, found 0 plugins.
Preloading 0 native plugins for Editor in 0.00 ms.
Mono: successfully reloaded assembly
- Completed reload, in  0.561 seconds
Platform modules already initialized, skipping
Shader 'Universal Render Pipeline/Particles/Lit': fallback shader 'Universal Render Pipeline/Particles/SimpleLit' not found
Refreshing native plugins compatible for Editor in 0.42 ms, found 0 plugins.
Preloading 0 native plugins for Editor in 0.00 ms.
Unloading 2329 Unused Serialized files (Serialized files now loaded: 0)
System memory in use before: 109.1 MB.
System memory in use after: 108.6 MB.

Unloading 18 unused Assets to reduce memory usage. Loaded Objects now: 2950.
Total: 2.629800 ms (FindLiveObjects: 0.259500 ms CreateObjectMapping: 0.093200 ms MarkObjects: 1.977600 ms  DeleteObjects: 0.298700 ms)

========================================================================
Received Prepare
Registering precompiled user dll's ...
Registered in 0.001077 seconds.
Begin MonoManager ReloadAssembly
Native extension for WindowsStandalone target not found
Native extension for WebGL target not found
Refreshing native plugins compatible for Editor in 0.43 ms, found 0 plugins.
Preloading 0 native plugins for Editor in 0.00 ms.
Mono: successfully reloaded assembly
- Completed reload, in  0.570 seconds
Platform modules already initialized, skipping
Shader 'Universal Render Pipeline/Particles/Lit': fallback shader 'Universal Render Pipeline/Particles/SimpleLit' not found
Refreshing native plugins compatible for Editor in 0.42 ms, found 0 plugins.
Preloading 0 native plugins for Editor in 0.00 ms.
Unloading 2329 Unused Serialized files (Serialized files now loaded: 0)
System memory in use before: 109.1 MB.
System memory in use after: 108.6 MB.

Unloading 18 unused Assets to reduce memory usage. Loaded Objects now: 2953.
Total: 2.481000 ms (FindLiveObjects: 0.240700 ms CreateObjectMapping: 0.077200 ms MarkObjects: 1.866700 ms  DeleteObjects: 0.295500 ms)

========================================================================
Received Import Request.
  Time since last request: 520.524357 seconds.
  path: Assets/Scenes/main.unity
  artifactKey: Guid(78a510c781f19db4da14f78ebb30946a) Importer(815301076,1909f56bfc062723c751e8b465ee728b)
Start importing Assets/Scenes/main.unity using Guid(78a510c781f19db4da14f78ebb30946a) Importer(815301076,1909f56bfc062723c751e8b465ee728b)  -> (artifact id: '2d5501f563de18d1e6979aa575b62685') in 0.016342 seconds
  Import took 0.019951 seconds .

========================================================================
Received Prepare
Registering precompiled user dll's ...
Registered in 0.001237 seconds.
Begin MonoManager ReloadAssembly
Native extension for WindowsStandalone target not found
Native extension for WebGL target not found
Refreshing native plugins compatible for Editor in 0.44 ms, found 0 plugins.
Preloading 0 native plugins for Editor in 0.00 ms.
Mono: successfully reloaded assembly
- Completed reload, in  0.577 seconds
Platform modules already initialized, skipping
Shader 'Universal Render Pipeline/Particles/Lit': fallback shader 'Universal Render Pipeline/Particles/SimpleLit' not found
Refreshing native plugins compatible for Editor in 0.42 ms, found 0 plugins.
Preloading 0 native plugins for Editor in 0.00 ms.
Unloading 2329 Unused Serialized files (Serialized files now loaded: 0)
System memory in use before: 109.0 MB.
System memory in use after: 108.6 MB.

Unloading 18 unused Assets to reduce memory usage. Loaded Objects now: 2956.
Total: 2.529600 ms (FindLiveObjects: 0.294500 ms CreateObjectMapping: 0.086900 ms MarkObjects: 1.848300 ms  DeleteObjects: 0.299300 ms)

========================================================================
Received Prepare
Registering precompiled user dll's ...
Registered in 0.001051 seconds.
Begin MonoManager ReloadAssembly
Native extension for WindowsStandalone target not found
Native extension for WebGL target not found
Refreshing native plugins compatible for Editor in 0.44 ms, found 0 plugins.
Preloading 0 native plugins for Editor in 0.00 ms.
Mono: successfully reloaded assembly
- Completed reload, in  0.589 seconds
Platform modules already initialized, skipping
Shader 'Universal Render Pipeline/Particles/Lit': fallback shader 'Universal Render Pipeline/Particles/SimpleLit' not found
Refreshing native plugins compatible for Editor in 0.43 ms, found 0 plugins.
Preloading 0 native plugins for Editor in 0.00 ms.
Unloading 2329 Unused Serialized files (Serialized files now loaded: 0)
System memory in use before: 109.1 MB.
System memory in use after: 108.7 MB.

Unloading 18 unused Assets to reduce memory usage. Loaded Objects now: 2959.
Total: 2.500400 ms (FindLiveObjects: 0.285700 ms CreateObjectMapping: 0.092500 ms MarkObjects: 1.811200 ms  DeleteObjects: 0.310300 ms)

========================================================================
Received Import Request.
  Time since last request: 233.403038 seconds.
  path: Assets/Scenes/StartMenu.unity
  artifactKey: Guid(2040d648a3f3184489dee22dbba28d55) Importer(815301076,1909f56bfc062723c751e8b465ee728b)
Start importing Assets/Scenes/StartMenu.unity using Guid(2040d648a3f3184489dee22dbba28d55) Importer(815301076,1909f56bfc062723c751e8b465ee728b)  -> (artifact id: '7857eeb2a064298a40a4462b2f6156ea') in 0.013608 seconds
  Import took 0.017218 seconds .

========================================================================
Received Prepare
Registering precompiled user dll's ...
Registered in 0.001085 seconds.
Begin MonoManager ReloadAssembly
Native extension for WindowsStandalone target not found
Native extension for WebGL target not found
Refreshing native plugins compatible for Editor in 0.49 ms, found 0 plugins.
Preloading 0 native plugins for Editor in 0.00 ms.
Mono: successfully reloaded assembly
- Completed reload, in  0.576 seconds
Platform modules already initialized, skipping
Shader 'Universal Render Pipeline/Particles/Lit': fallback shader 'Universal Render Pipeline/Particles/SimpleLit' not found
Refreshing native plugins compatible for Editor in 0.70 ms, found 0 plugins.
Preloading 0 native plugins for Editor in 0.00 ms.
Unloading 2329 Unused Serialized files (Serialized files now loaded: 0)
System memory in use before: 109.1 MB.
System memory in use after: 108.7 MB.

Unloading 18 unused Assets to reduce memory usage. Loaded Objects now: 2962.
Total: 2.702000 ms (FindLiveObjects: 0.307000 ms CreateObjectMapping: 0.116000 ms MarkObjects: 1.947300 ms  DeleteObjects: 0.330600 ms)

========================================================================
Received Prepare
Registering precompiled user dll's ...
Registered in 0.001179 seconds.
Begin MonoManager ReloadAssembly
Native extension for WindowsStandalone target not found
Native extension for WebGL target not found
Refreshing native plugins compatible for Editor in 0.43 ms, found 0 plugins.
Preloading 0 native plugins for Editor in 0.00 ms.
Mono: successfully reloaded assembly
- Completed reload, in  0.583 seconds
Platform modules already initialized, skipping
Shader 'Universal Render Pipeline/Particles/Lit': fallback shader 'Universal Render Pipeline/Particles/SimpleLit' not found
Refreshing native plugins compatible for Editor in 0.42 ms, found 0 plugins.
Preloading 0 native plugins for Editor in 0.00 ms.
Unloading 2329 Unused Serialized files (Serialized files now loaded: 0)
System memory in use before: 109.1 MB.
System memory in use after: 108.7 MB.

Unloading 18 unused Assets to reduce memory usage. Loaded Objects now: 2965.
Total: 2.703100 ms (FindLiveObjects: 0.305700 ms CreateObjectMapping: 0.129000 ms MarkObjects: 1.950900 ms  DeleteObjects: 0.316800 ms)

